# vsim -c -l vsim_mbist.log work.tb_mbist_csr_wrap -do "run -all; quit -f" 
# Start time: 06:52:08 on Jan 17,2026
# Loading /tmp/s327033@po.polito.it_dpi_20099/linux_x86_64_gcc-7.4.0/export_tramp.so
# ** Note: (vsim-3812) Design is being optimized...
# //  Questa Sim-64
# //  Version 2022.4 linux_x86_64 Oct 18 2022
# //
# //  Copyright 1991-2022 Mentor Graphics Corporation
# //  All Rights Reserved.
# //
# //  QuestaSim and its associated documentation contain trade
# //  secrets and commercial or financial information that are the property of
# //  Mentor Graphics Corporation and are privileged, confidential,
# //  and exempt from disclosure under the Freedom of Information Act,
# //  5 U.S.C. Section 552. Furthermore, this information
# //  is prohibited from disclosure under the Trade Secrets Act,
# //  18 U.S.C. Section 1905.
# //
# Loading sv_std.std
# Loading work.tb_mbist_csr_wrap(fast)
# Compiling /tmp/s327033@po.polito.it_dpi_20099/linux_x86_64_gcc-7.4.0/exportwrapper.c
# Loading /tmp/s327033@po.polito.it_dpi_20099/linux_x86_64_gcc-7.4.0/vsim_auto_compile.so
# run -all
# === TB: MBIST as CSR Peripheral (ENHANCED) ===
# 
# ============================================================
# SMOKE: Normal CPU-port sanity (no takeover)
# ============================================================
# Normal write/read sanity...
# Read back: 0xdeadbeef
# 
# ============================================================
# NEGATIVE: START without TEST_MODE should NOT start
# ============================================================
# Expected: busy=0, done=0. Observed: busy=0 done=0
# 
# ============================================================
# TEST: MATS+ (algo=0) PASS
# ============================================================
#   (during run) takeover=1 busy=1
#   (during run) takeover=1 busy=1
#   (during run) takeover=1 busy=1
#   (during run) takeover=1 busy=1
#   (during run) takeover=1 busy=1
# [MATS+ (algo=0) PASS] STATUS: busy=0 done=1 pass=1 fail=0 aborted=0 err_valid=0 sig_mismatch=0 takeover=0
# [MATS+ (algo=0) PASS] SIG:    0xea89
# [MATS+ (algo=0) PASS] Duration: 5800 ns
# 
# ============================================================
# TEST: MATS++ (algo=1) PASS
# ============================================================
#   (during run) takeover=1 busy=1
#   (during run) takeover=1 busy=1
#   (during run) takeover=1 busy=1
#   (during run) takeover=1 busy=1
#   (during run) takeover=1 busy=1
# [MATS++ (algo=1) PASS] STATUS: busy=0 done=1 pass=1 fail=0 aborted=0 err_valid=0 sig_mismatch=0 takeover=0
# [MATS++ (algo=1) PASS] SIG:    0x22b1
# [MATS++ (algo=1) PASS] Duration: 7720 ns
# 
# ============================================================
# TEST: March C- (algo=2) PASS
# ============================================================
#   (during run) takeover=1 busy=1
#   (during run) takeover=1 busy=1
#   (during run) takeover=1 busy=1
#   (during run) takeover=1 busy=1
#   (during run) takeover=1 busy=1
# [March C- (algo=2) PASS] STATUS: busy=0 done=1 pass=1 fail=0 aborted=0 err_valid=0 sig_mismatch=0 takeover=0
# [March C- (algo=2) PASS] SIG:    0x6c47
# [March C- (algo=2) PASS] Duration: 12840 ns
# 
# ============================================================
# TEST: MATS+ with BG_ENABLE=1, BG_COUNT=0 (auto=2)
# ============================================================
#   (during run) takeover=1 busy=1
#   (during run) takeover=1 busy=1
#   (during run) takeover=1 busy=1
#   (during run) takeover=1 busy=1
#   (during run) takeover=1 busy=1
# [MATS+ with BG_ENABLE=1, BG_COUNT=0 (auto=2)] STATUS: busy=0 done=1 pass=1 fail=0 aborted=0 err_valid=0 sig_mismatch=0 takeover=0
# [MATS+ with BG_ENABLE=1, BG_COUNT=0 (auto=2)] SIG:    0xea89
# [MATS+ with BG_ENABLE=1, BG_COUNT=0 (auto=2)] Duration: 5800 ns
# 
# ============================================================
# TEST: MATS+ with BG_ENABLE=1, BG_COUNT=3
# ============================================================
#   (during run) takeover=1 busy=1
#   (during run) takeover=1 busy=1
#   (during run) takeover=1 busy=1
#   (during run) takeover=1 busy=1
#   (during run) takeover=1 busy=1
# [MATS+ with BG_ENABLE=1, BG_COUNT=3] STATUS: busy=0 done=1 pass=1 fail=0 aborted=0 err_valid=0 sig_mismatch=0 takeover=0
# [MATS+ with BG_ENABLE=1, BG_COUNT=3] SIG:    0x8ba0
# [MATS+ with BG_ENABLE=1, BG_COUNT=3] Duration: 17320 ns
# 
# ============================================================
# CAPTURE baseline signature for MATS+
# ============================================================
# Baseline SIG (MATS+): 0xea89
# 
# ============================================================
# TEST: SIG_CHECK enabled with correct EXPSIG
# ============================================================
#   (during run) takeover=1 busy=1
#   (during run) takeover=1 busy=1
#   (during run) takeover=1 busy=1
#   (during run) takeover=1 busy=1
#   (during run) takeover=1 busy=1
# [SIG_CHECK enabled with correct EXPSIG] STATUS: busy=0 done=1 pass=1 fail=0 aborted=0 err_valid=0 sig_mismatch=0 takeover=0
# [SIG_CHECK enabled with correct EXPSIG] SIG:    0xea89
# [SIG_CHECK enabled with correct EXPSIG] Duration: 5800 ns
# 
# ============================================================
# TEST: SIG_CHECK enabled with WRONG EXPSIG (expect mismatch+fail)
# ============================================================
#   (during run) takeover=1 busy=1
#   (during run) takeover=1 busy=1
#   (during run) takeover=1 busy=1
#   (during run) takeover=1 busy=1
#   (during run) takeover=1 busy=1
# [SIG_CHECK enabled with WRONG EXPSIG (expect mismatch+fail)] STATUS: busy=0 done=1 pass=0 fail=1 aborted=0 err_valid=0 sig_mismatch=1 takeover=0
# [SIG_CHECK enabled with WRONG EXPSIG (expect mismatch+fail)] SIG:    0xea89
# [SIG_CHECK enabled with WRONG EXPSIG (expect mismatch+fail)] Duration: 5800 ns
# 
# ============================================================
# TEST: FAULT injected, STOP_ON_FAIL=0 (should finish full algo)
# ============================================================
#   Injected fault: byte @0x10 = 0xAA (after 70 cycles)
# [FAULT injected, STOP_ON_FAIL=0 (should finish full algo)] STATUS: busy=0 done=1 pass=0 fail=1 aborted=0 err_valid=1 sig_mismatch=0 takeover=0
# [FAULT injected, STOP_ON_FAIL=0 (should finish full algo)] SIG:    0x6627
# [FAULT injected, STOP_ON_FAIL=0 (should finish full algo)] ERR:    addr=0x00000010 exp=0x00000000 got=0x000000aa
# [FAULT injected, STOP_ON_FAIL=0 (should finish full algo)] Duration: 5800 ns
# 
# ============================================================
# TEST: FAULT injected, STOP_ON_FAIL=1 (should stop early)
# ============================================================
#   Injected fault: byte @0x10 = 0xAA (after 70 cycles)
# [FAULT injected, STOP_ON_FAIL=1 (should stop early)] STATUS: busy=0 done=1 pass=0 fail=1 aborted=0 err_valid=1 sig_mismatch=0 takeover=0
# [FAULT injected, STOP_ON_FAIL=1 (should stop early)] SIG:    0xa0da
# [FAULT injected, STOP_ON_FAIL=1 (should stop early)] ERR:    addr=0x00000010 exp=0x00000000 got=0x000000aa
# [FAULT injected, STOP_ON_FAIL=1 (should stop early)] Duration: 880 ns
# 
# ============================================================
# TEST: ABORT example (STOP bit)
# ============================================================
#   Issuing STOP after 40 cycles...
# [ABORT example (STOP bit)] STATUS: busy=0 done=1 pass=0 fail=0 aborted=1 err_valid=0 sig_mismatch=0 takeover=0
# [ABORT example (STOP bit)] SIG:    0x0000
# 
# === ALL TESTS DONE ===
# ** Note: $finish    : tb_mbist_csr_wrap_v3.sv(442)
#    Time: 75145 ns  Iteration: 1  Instance: /tb_mbist_csr_wrap
# End time: 06:52:09 on Jan 17,2026, Elapsed time: 0:00:01
# Errors: 0, Warnings: 0
