 
****************************************
Report : power
        -analysis_effort low
Design : mbist_system_top
Version: U-2022.12
Date   : Sat Jan 17 06:32:40 2026
****************************************


Library(s) Used:

    pdt2002 (File: /home/s327033/HW1_project/pdt2002.db)

Information: The cells in your design are not characterized for internal power. (PWR-229)

Operating Conditions: 
Wire Load Model Mode: top

Design        Wire Load Model            Library
------------------------------------------------
mbist_system_top       20x20             pdt2002


Global Operating Voltage = 5    
Power-specific unit information :
    Voltage Units = 1V
    Capacitance Units = 0.100000ff
    Time Units = 1ns
    Dynamic Power Units = 100nW    (derived from V,C,T units)
    Leakage Power Units = Unitless


Attributes
----------
i - Including register clock pin internal power


  Cell Internal Power  =   0.0000 nW    (0%)
  Net Switching Power  =  31.2860 uW  (100%)
                         ---------
Total Dynamic Power    =  31.2860 uW  (100%)

Cell Leakage Power     =   0.0000 

Error: Either dynamic power or leakage power, in the library, is unitless. Unable to display complete power group summary. (PWR-799)

                 Internal         Switching           Leakage            Total
Power Group      Power            Power               Power              Power   (   %    )  Attrs
--------------------------------------------------------------------------------------------------
io_pad             0.0000            0.0000            0.0000               NA   (     N/A)
memory             0.0000            0.0000            0.0000               NA   (     N/A)
black_box          0.0000            0.0000            0.0000               NA   (     N/A)
clock_network      0.0000            0.0000            0.0000               NA   (     N/A)  i
register           0.0000          663.2548            0.0000               NA   (     N/A)
sequential         0.0000            0.0000            0.0000               NA   (     N/A)
combinational      0.0000        3.0623e+04            0.0000               NA   (     N/A)
--------------------------------------------------------------------------------------------------
Total              0.0000 nW     3.1286e+04 nW         0.0000               NA        
1
